<?xml version="1.0" encoding="UTF-8"?>
<!-- Generated by org.testng.reporters.JUnitReportReporter -->
<testsuite hostname="DELL-PC" failures="0" tests="1" name="Demo_TestNG" time="15.850" errors="0" timestamp="2023-12-31T16:03:06 IST" skipped="0">
  <testcase classname="Demo_TestNG" name="googleSearch" time="15.850"/>
</testsuite> <!-- Demo_TestNG -->
