<?xml version="1.0" encoding="UTF-8"?>
<!-- Generated by org.testng.reporters.JUnitReportReporter -->
<testsuite hostname="MOANA" failures="0" tests="2" name="SauceLab_SwagLabs.swagLabTest" time="16.648" errors="0" timestamp="2024-01-14T20:13:10 IST" skipped="0">
  <testcase classname="SauceLab_SwagLabs.swagLabTest" name="swagLabAddItems" time="5.134"/>
  <testcase classname="SauceLab_SwagLabs.swagLabTest" name="swagLabLogin" time="11.514"/>
</testsuite> <!-- SauceLab_SwagLabs.swagLabTest -->
