<?xml version="1.0" encoding="UTF-8"?>
<!-- Generated by org.testng.reporters.JUnitReportReporter -->
<testsuite hostname="DELL-PC" failures="0" tests="2" name="tests.Demo_ExtentReports" time="63.819" errors="0" timestamp="2023-12-31T18:54:17 IST" skipped="0">
  <testcase classname="tests.Demo_ExtentReports" name="googleSearchTest3" time="23.910"/>
  <testcase classname="tests.Demo_ExtentReports" name="googleSearchTest2" time="39.909"/>
</testsuite> <!-- tests.Demo_ExtentReports -->
