<?xml version="1.0" encoding="UTF-8"?>
<!-- Generated by org.testng.reporters.JUnitReportReporter -->
<testsuite hostname="MOANA" failures="0" tests="1" name="tests.Demo_TestNG" time="25.688" errors="0" timestamp="2024-01-16T21:33:10 IST" skipped="0">
  <testcase classname="tests.Demo_TestNG" name="googleSearch" time="25.688"/>
</testsuite> <!-- tests.Demo_TestNG -->
