<?xml version="1.0" encoding="UTF-8"?>
<!-- Generated by org.testng.reporters.JUnitReportReporter -->
<testsuite hostname="MOANA" failures="0" tests="1" name="cucumberPkg.googleSearchCucumberTestRunner" time="70.383" errors="0" timestamp="2024-01-16T21:33:10 IST" skipped="0">
  <testcase classname="cucumberPkg.googleSearchCucumberTestRunner" name="runScenario" time="70.383"/>
</testsuite> <!-- cucumberPkg.googleSearchCucumberTestRunner -->
