<?xml version="1.0" encoding="UTF-8"?>
<!-- Generated by org.testng.reporters.JUnitReportReporter -->
<testsuite hostname="DELL-PC" failures="0" tests="1" name="orangeHrmDemoWebsite.orangeTest" time="13.114" errors="0" timestamp="2024-01-02T19:48:51 IST" skipped="0">
  <testcase classname="orangeHrmDemoWebsite.orangeTest" name="orangeLoginTest" time="13.114"/>
</testsuite> <!-- orangeHrmDemoWebsite.orangeTest -->
