<?xml version="1.0" encoding="UTF-8"?>
<!-- Generated by org.testng.reporters.JUnitReportReporter -->
<testsuite hostname="MOANA" failures="0" tests="1" name="cucumberPkg.googleSearchCucumberTestRunner" time="26.410" errors="0" timestamp="2024-01-16T00:55:59 IST" skipped="0">
  <testcase classname="cucumberPkg.googleSearchCucumberTestRunner" name="runScenario" time="26.410"/>
</testsuite> <!-- cucumberPkg.googleSearchCucumberTestRunner -->
