<?xml version="1.0" encoding="UTF-8"?>
<!-- Generated by org.testng.reporters.JUnitReportReporter -->
<testsuite hostname="MOANA" failures="0" tests="1" name="Testgoogle" time="11.090" errors="0" timestamp="2024-01-16T23:21:23 IST" skipped="0">
  <testcase classname="Testgoogle" name="googleSearch" time="11.090"/>
</testsuite> <!-- Testgoogle -->
