<?xml version="1.0" encoding="UTF-8"?>
<!-- Generated by org.testng.reporters.JUnitReportReporter -->
<testsuite hostname="MOANA" failures="0" tests="3" name="tests.Demo_ExtentReports" time="32.260" errors="0" timestamp="2024-01-16T21:33:10 IST" skipped="0">
  <testcase classname="tests.Demo_ExtentReports" name="googleSearchTest3" time="3.434"/>
  <testcase classname="tests.Demo_ExtentReports" name="googleSearchTest2" time="5.432"/>
  <testcase classname="tests.Demo_ExtentReports" name="googleSearchTest1" time="23.394"/>
</testsuite> <!-- tests.Demo_ExtentReports -->
