<?xml version="1.0" encoding="UTF-8"?>
<!-- Generated by org.testng.reporters.JUnitReportReporter -->
<testsuite hostname="DELL-PC" failures="0" tests="2" name="Demo_ExtentReports" time="29.926" errors="0" timestamp="2023-12-31T18:22:39 IST" skipped="0">
  <testcase classname="Demo_ExtentReports" name="googleSearchTest1" time="14.020"/>
  <testcase classname="Demo_ExtentReports" name="googleSearchTest2" time="15.906"/>
</testsuite> <!-- Demo_ExtentReports -->
