<?xml version="1.0" encoding="UTF-8"?>
<!-- Generated by org.testng.reporters.JUnitReportReporter -->
<testsuite hostname="DELL-PC" failures="0" tests="1" name="Demo_ExtentReports" time="20.672" errors="0" timestamp="2023-12-31T17:57:24 IST" skipped="0">
  <testcase classname="Demo_ExtentReports" name="googleSearchTest" time="20.672"/>
</testsuite> <!-- Demo_ExtentReports -->
