<?xml version="1.0" encoding="UTF-8"?>
<!-- Generated by org.testng.reporters.JUnitReportReporter -->
<testsuite hostname="DELL-PC" failures="0" tests="1" name="tests.Demo_TestNG" time="29.732" errors="0" timestamp="2023-12-31T18:54:17 IST" skipped="0">
  <testcase classname="tests.Demo_TestNG" name="googleSearch" time="29.732"/>
</testsuite> <!-- tests.Demo_TestNG -->
